2023-11-30 17:26:17,840 DEBUG [background-preinit][LoggerProviders.java:152] - Logging Provider: org.jboss.logging.Log4j2LoggerProvider
2023-11-30 17:26:17,840 DEBUG [background-preinit][LoggerProviders.java:152] - Logging Provider: org.jboss.logging.Log4j2LoggerProvider
2023-11-30 17:26:17,862 INFO [background-preinit][Version.java:21] - HV000001: Hibernate Validator 6.1.6.Final
2023-11-30 17:26:17,862 INFO [background-preinit][Version.java:21] - HV000001: Hibernate Validator 6.1.6.Final
2023-11-30 17:26:17,873 DEBUG [background-preinit][ValidationXmlParser.java:120] - Trying to load META-INF/validation.xml for XML based Validator configuration.
2023-11-30 17:26:17,873 DEBUG [background-preinit][ValidationXmlParser.java:120] - Trying to load META-INF/validation.xml for XML based Validator configuration.
2023-11-30 17:26:17,876 DEBUG [background-preinit][ResourceLoaderHelper.java:60] - Trying to load META-INF/validation.xml via TCCL
2023-11-30 17:26:17,876 DEBUG [background-preinit][ResourceLoaderHelper.java:60] - Trying to load META-INF/validation.xml via TCCL
2023-11-30 17:26:17,877 DEBUG [background-preinit][ResourceLoaderHelper.java:66] - Trying to load META-INF/validation.xml via Hibernate Validator's class loader
2023-11-30 17:26:17,877 DEBUG [background-preinit][ResourceLoaderHelper.java:66] - Trying to load META-INF/validation.xml via Hibernate Validator's class loader
2023-11-30 17:26:17,878 DEBUG [background-preinit][ValidationXmlParser.java:127] - No META-INF/validation.xml found. Using annotation based configuration only.
2023-11-30 17:26:17,878 DEBUG [background-preinit][ValidationXmlParser.java:127] - No META-INF/validation.xml found. Using annotation based configuration only.
2023-11-30 17:26:17,886 DEBUG [background-preinit][TraversableResolvers.java:60] - Cannot find javax.persistence.Persistence on classpath. Assuming non JPA 2 environment. All properties will per default be traversable.
2023-11-30 17:26:17,886 DEBUG [background-preinit][TraversableResolvers.java:60] - Cannot find javax.persistence.Persistence on classpath. Assuming non JPA 2 environment. All properties will per default be traversable.
2023-11-30 17:26:17,920 DEBUG [background-preinit][ResourceBundleMessageInterpolator.java:172] - Loaded expression factory via original TCCL
2023-11-30 17:26:17,920 DEBUG [background-preinit][ResourceBundleMessageInterpolator.java:172] - Loaded expression factory via original TCCL
2023-11-30 17:26:18,172 DEBUG [background-preinit][ValidatorFactoryConfigurationHelper.java:300] - HV000252: Using org.hibernate.validator.internal.engine.DefaultPropertyNodeNameProvider as property node name provider.
2023-11-30 17:26:18,172 DEBUG [background-preinit][ValidatorFactoryConfigurationHelper.java:300] - HV000252: Using org.hibernate.validator.internal.engine.DefaultPropertyNodeNameProvider as property node name provider.
2023-11-30 17:26:18,181 DEBUG [background-preinit][ValidatorFactoryConfigurationHelper.java:375] - HV000234: Using org.hibernate.validator.messageinterpolation.ResourceBundleMessageInterpolator as ValidatorFactory-scoped message interpolator.
2023-11-30 17:26:18,181 DEBUG [background-preinit][ValidatorFactoryConfigurationHelper.java:375] - HV000234: Using org.hibernate.validator.messageinterpolation.ResourceBundleMessageInterpolator as ValidatorFactory-scoped message interpolator.
2023-11-30 17:26:18,182 DEBUG [background-preinit][ValidatorFactoryConfigurationHelper.java:376] - HV000234: Using org.hibernate.validator.internal.engine.resolver.TraverseAllTraversableResolver as ValidatorFactory-scoped traversable resolver.
2023-11-30 17:26:18,182 DEBUG [background-preinit][ValidatorFactoryConfigurationHelper.java:376] - HV000234: Using org.hibernate.validator.internal.engine.resolver.TraverseAllTraversableResolver as ValidatorFactory-scoped traversable resolver.
2023-11-30 17:26:18,182 DEBUG [background-preinit][ValidatorFactoryConfigurationHelper.java:377] - HV000234: Using org.hibernate.validator.internal.util.ExecutableParameterNameProvider as ValidatorFactory-scoped parameter name provider.
2023-11-30 17:26:18,182 DEBUG [background-preinit][ValidatorFactoryConfigurationHelper.java:377] - HV000234: Using org.hibernate.validator.internal.util.ExecutableParameterNameProvider as ValidatorFactory-scoped parameter name provider.
2023-11-30 17:26:18,182 DEBUG [background-preinit][ValidatorFactoryConfigurationHelper.java:378] - HV000234: Using org.hibernate.validator.internal.engine.DefaultClockProvider as ValidatorFactory-scoped clock provider.
2023-11-30 17:26:18,182 DEBUG [background-preinit][ValidatorFactoryConfigurationHelper.java:378] - HV000234: Using org.hibernate.validator.internal.engine.DefaultClockProvider as ValidatorFactory-scoped clock provider.
2023-11-30 17:26:18,182 DEBUG [background-preinit][ValidatorFactoryConfigurationHelper.java:379] - HV000234: Using org.hibernate.validator.internal.engine.scripting.DefaultScriptEvaluatorFactory as ValidatorFactory-scoped script evaluator factory.
2023-11-30 17:26:18,182 DEBUG [background-preinit][ValidatorFactoryConfigurationHelper.java:379] - HV000234: Using org.hibernate.validator.internal.engine.scripting.DefaultScriptEvaluatorFactory as ValidatorFactory-scoped script evaluator factory.
2023-11-30 17:26:18,453 INFO [main][SpringApplication.java:651] - No active profile set, falling back to default profiles: default
2023-11-30 17:26:18,453 INFO [main][SpringApplication.java:651] - No active profile set, falling back to default profiles: default
2023-11-30 17:26:18,968 DEBUG [main][LogFactory.java:105] - Logging initialized using 'class org.apache.ibatis.logging.slf4j.Slf4jImpl' adapter.
2023-11-30 17:26:18,968 DEBUG [main][LogFactory.java:105] - Logging initialized using 'class org.apache.ibatis.logging.slf4j.Slf4jImpl' adapter.
2023-11-30 17:26:19,020 INFO [main][GenericScope.java:295] - BeanFactory id=700aa79d-9c33-3e35-b63b-660b432f98e3
2023-11-30 17:26:19,020 INFO [main][GenericScope.java:295] - BeanFactory id=700aa79d-9c33-3e35-b63b-660b432f98e3
2023-11-30 17:26:19,228 INFO [main][TomcatWebServer.java:108] - Tomcat initialized with port(s): 63110 (http)
2023-11-30 17:26:19,228 INFO [main][TomcatWebServer.java:108] - Tomcat initialized with port(s): 63110 (http)
2023-11-30 17:26:19,235 INFO [main][DirectJDKLog.java:173] - Initializing ProtocolHandler ["http-nio-63110"]
2023-11-30 17:26:19,235 INFO [main][DirectJDKLog.java:173] - Initializing ProtocolHandler ["http-nio-63110"]
2023-11-30 17:26:19,235 INFO [main][DirectJDKLog.java:173] - Starting service [Tomcat]
2023-11-30 17:26:19,235 INFO [main][DirectJDKLog.java:173] - Starting service [Tomcat]
2023-11-30 17:26:19,235 INFO [main][DirectJDKLog.java:173] - Starting Servlet engine: [Apache Tomcat/9.0.41]
2023-11-30 17:26:19,235 INFO [main][DirectJDKLog.java:173] - Starting Servlet engine: [Apache Tomcat/9.0.41]
2023-11-30 17:26:19,296 INFO [main][DirectJDKLog.java:173] - Initializing Spring embedded WebApplicationContext
2023-11-30 17:26:19,296 INFO [main][DirectJDKLog.java:173] - Initializing Spring embedded WebApplicationContext
2023-11-30 17:26:19,296 INFO [main][ServletWebServerApplicationContext.java:285] - Root WebApplicationContext: initialization completed in 827 ms
2023-11-30 17:26:19,296 INFO [main][ServletWebServerApplicationContext.java:285] - Root WebApplicationContext: initialization completed in 827 ms
2023-11-30 17:26:19,376 DEBUG [main][HikariConfig.java:946] - Driver class com.mysql.cj.jdbc.Driver found in Thread context class loader sun.misc.Launcher$AppClassLoader@18b4aac2
2023-11-30 17:26:19,376 DEBUG [main][HikariConfig.java:946] - Driver class com.mysql.cj.jdbc.Driver found in Thread context class loader sun.misc.Launcher$AppClassLoader@18b4aac2
2023-11-30 17:26:19,464 DEBUG [main][Logger.java:49] - Registered plugin: 'com.baomidou.mybatisplus.extension.plugins.MybatisPlusInterceptor@518bfd90'
2023-11-30 17:26:19,464 DEBUG [main][Logger.java:49] - Registered plugin: 'com.baomidou.mybatisplus.extension.plugins.MybatisPlusInterceptor@518bfd90'
2023-11-30 17:26:19,465 DEBUG [main][Logger.java:49] - Property 'mapperLocations' was not specified.
2023-11-30 17:26:19,465 DEBUG [main][Logger.java:49] - Property 'mapperLocations' was not specified.
2023-11-30 17:26:19,725 DEBUG [main][MybatisConfiguration.java:128] - addMappedStatement: com.xuecheng.system.mapper.DictionaryMapper.insert
2023-11-30 17:26:19,725 DEBUG [main][MybatisConfiguration.java:128] - addMappedStatement: com.xuecheng.system.mapper.DictionaryMapper.insert
2023-11-30 17:26:19,731 DEBUG [main][MybatisConfiguration.java:128] - addMappedStatement: com.xuecheng.system.mapper.DictionaryMapper.delete
2023-11-30 17:26:19,731 DEBUG [main][MybatisConfiguration.java:128] - addMappedStatement: com.xuecheng.system.mapper.DictionaryMapper.delete
2023-11-30 17:26:19,732 DEBUG [main][MybatisConfiguration.java:128] - addMappedStatement: com.xuecheng.system.mapper.DictionaryMapper.deleteByMap
2023-11-30 17:26:19,732 DEBUG [main][MybatisConfiguration.java:128] - addMappedStatement: com.xuecheng.system.mapper.DictionaryMapper.deleteByMap
2023-11-30 17:26:19,746 DEBUG [main][MybatisConfiguration.java:128] - addMappedStatement: com.xuecheng.system.mapper.DictionaryMapper.deleteById
2023-11-30 17:26:19,746 DEBUG [main][MybatisConfiguration.java:128] - addMappedStatement: com.xuecheng.system.mapper.DictionaryMapper.deleteById
2023-11-30 17:26:19,747 DEBUG [main][MybatisConfiguration.java:128] - addMappedStatement: com.xuecheng.system.mapper.DictionaryMapper.deleteBatchIds
2023-11-30 17:26:19,747 DEBUG [main][MybatisConfiguration.java:128] - addMappedStatement: com.xuecheng.system.mapper.DictionaryMapper.deleteBatchIds
2023-11-30 17:26:19,749 DEBUG [main][MybatisConfiguration.java:128] - addMappedStatement: com.xuecheng.system.mapper.DictionaryMapper.update
2023-11-30 17:26:19,749 DEBUG [main][MybatisConfiguration.java:128] - addMappedStatement: com.xuecheng.system.mapper.DictionaryMapper.update
2023-11-30 17:26:19,750 DEBUG [main][MybatisConfiguration.java:128] - addMappedStatement: com.xuecheng.system.mapper.DictionaryMapper.updateById
2023-11-30 17:26:19,750 DEBUG [main][MybatisConfiguration.java:128] - addMappedStatement: com.xuecheng.system.mapper.DictionaryMapper.updateById
2023-11-30 17:26:19,751 DEBUG [main][MybatisConfiguration.java:128] - addMappedStatement: com.xuecheng.system.mapper.DictionaryMapper.selectById
2023-11-30 17:26:19,751 DEBUG [main][MybatisConfiguration.java:128] - addMappedStatement: com.xuecheng.system.mapper.DictionaryMapper.selectById
2023-11-30 17:26:19,752 DEBUG [main][MybatisConfiguration.java:128] - addMappedStatement: com.xuecheng.system.mapper.DictionaryMapper.selectBatchIds
2023-11-30 17:26:19,752 DEBUG [main][MybatisConfiguration.java:128] - addMappedStatement: com.xuecheng.system.mapper.DictionaryMapper.selectBatchIds
2023-11-30 17:26:19,753 DEBUG [main][MybatisConfiguration.java:128] - addMappedStatement: com.xuecheng.system.mapper.DictionaryMapper.selectByMap
2023-11-30 17:26:19,753 DEBUG [main][MybatisConfiguration.java:128] - addMappedStatement: com.xuecheng.system.mapper.DictionaryMapper.selectByMap
2023-11-30 17:26:19,754 DEBUG [main][MybatisConfiguration.java:128] - addMappedStatement: com.xuecheng.system.mapper.DictionaryMapper.selectOne
2023-11-30 17:26:19,754 DEBUG [main][MybatisConfiguration.java:128] - addMappedStatement: com.xuecheng.system.mapper.DictionaryMapper.selectOne
2023-11-30 17:26:19,755 DEBUG [main][MybatisConfiguration.java:128] - addMappedStatement: com.xuecheng.system.mapper.DictionaryMapper.selectCount
2023-11-30 17:26:19,755 DEBUG [main][MybatisConfiguration.java:128] - addMappedStatement: com.xuecheng.system.mapper.DictionaryMapper.selectCount
2023-11-30 17:26:19,756 DEBUG [main][MybatisConfiguration.java:128] - addMappedStatement: com.xuecheng.system.mapper.DictionaryMapper.selectMaps
2023-11-30 17:26:19,756 DEBUG [main][MybatisConfiguration.java:128] - addMappedStatement: com.xuecheng.system.mapper.DictionaryMapper.selectMaps
2023-11-30 17:26:19,758 DEBUG [main][MybatisConfiguration.java:128] - addMappedStatement: com.xuecheng.system.mapper.DictionaryMapper.selectMapsPage
2023-11-30 17:26:19,758 DEBUG [main][MybatisConfiguration.java:128] - addMappedStatement: com.xuecheng.system.mapper.DictionaryMapper.selectMapsPage
2023-11-30 17:26:19,759 DEBUG [main][MybatisConfiguration.java:128] - addMappedStatement: com.xuecheng.system.mapper.DictionaryMapper.selectObjs
2023-11-30 17:26:19,759 DEBUG [main][MybatisConfiguration.java:128] - addMappedStatement: com.xuecheng.system.mapper.DictionaryMapper.selectObjs
2023-11-30 17:26:19,761 DEBUG [main][MybatisConfiguration.java:128] - addMappedStatement: com.xuecheng.system.mapper.DictionaryMapper.selectList
2023-11-30 17:26:19,761 DEBUG [main][MybatisConfiguration.java:128] - addMappedStatement: com.xuecheng.system.mapper.DictionaryMapper.selectList
2023-11-30 17:26:19,762 DEBUG [main][MybatisConfiguration.java:128] - addMappedStatement: com.xuecheng.system.mapper.DictionaryMapper.selectPage
2023-11-30 17:26:19,762 DEBUG [main][MybatisConfiguration.java:128] - addMappedStatement: com.xuecheng.system.mapper.DictionaryMapper.selectPage
2023-11-30 17:26:19,988 INFO [main][PropertySourcedRequestMappingHandlerMapping.java:69] - Mapped URL path [/v2/api-docs] onto method [springfox.documentation.swagger2.web.Swagger2Controller#getDocumentation(String, HttpServletRequest)]
2023-11-30 17:26:19,988 INFO [main][PropertySourcedRequestMappingHandlerMapping.java:69] - Mapped URL path [/v2/api-docs] onto method [springfox.documentation.swagger2.web.Swagger2Controller#getDocumentation(String, HttpServletRequest)]
2023-11-30 17:26:20,018 DEBUG [main][ResourceBundleMessageInterpolator.java:172] - Loaded expression factory via original TCCL
2023-11-30 17:26:20,018 DEBUG [main][ResourceBundleMessageInterpolator.java:172] - Loaded expression factory via original TCCL
2023-11-30 17:26:20,019 DEBUG [main][AbstractConfigurationImpl.java:171] - Setting custom MessageInterpolator of type org.springframework.validation.beanvalidation.LocaleContextMessageInterpolator
2023-11-30 17:26:20,019 DEBUG [main][AbstractConfigurationImpl.java:171] - Setting custom MessageInterpolator of type org.springframework.validation.beanvalidation.LocaleContextMessageInterpolator
2023-11-30 17:26:20,020 DEBUG [main][AbstractConfigurationImpl.java:203] - Setting custom ConstraintValidatorFactory of type org.springframework.validation.beanvalidation.SpringConstraintValidatorFactory
2023-11-30 17:26:20,020 DEBUG [main][AbstractConfigurationImpl.java:203] - Setting custom ConstraintValidatorFactory of type org.springframework.validation.beanvalidation.SpringConstraintValidatorFactory
2023-11-30 17:26:20,020 DEBUG [main][AbstractConfigurationImpl.java:217] - Setting custom ParameterNameProvider of type org.springframework.validation.beanvalidation.LocalValidatorFactoryBean$1
2023-11-30 17:26:20,020 DEBUG [main][AbstractConfigurationImpl.java:217] - Setting custom ParameterNameProvider of type org.springframework.validation.beanvalidation.LocalValidatorFactoryBean$1
2023-11-30 17:26:20,022 DEBUG [main][ValidationXmlParser.java:120] - Trying to load META-INF/validation.xml for XML based Validator configuration.
2023-11-30 17:26:20,022 DEBUG [main][ValidationXmlParser.java:120] - Trying to load META-INF/validation.xml for XML based Validator configuration.
2023-11-30 17:26:20,022 DEBUG [main][ResourceLoaderHelper.java:53] - Trying to load META-INF/validation.xml via user class loader
2023-11-30 17:26:20,022 DEBUG [main][ResourceLoaderHelper.java:53] - Trying to load META-INF/validation.xml via user class loader
2023-11-30 17:26:20,022 DEBUG [main][ResourceLoaderHelper.java:60] - Trying to load META-INF/validation.xml via TCCL
2023-11-30 17:26:20,022 DEBUG [main][ResourceLoaderHelper.java:60] - Trying to load META-INF/validation.xml via TCCL
2023-11-30 17:26:20,022 DEBUG [main][ResourceLoaderHelper.java:66] - Trying to load META-INF/validation.xml via Hibernate Validator's class loader
2023-11-30 17:26:20,022 DEBUG [main][ResourceLoaderHelper.java:66] - Trying to load META-INF/validation.xml via Hibernate Validator's class loader
2023-11-30 17:26:20,022 DEBUG [main][ValidationXmlParser.java:127] - No META-INF/validation.xml found. Using annotation based configuration only.
2023-11-30 17:26:20,022 DEBUG [main][ValidationXmlParser.java:127] - No META-INF/validation.xml found. Using annotation based configuration only.
2023-11-30 17:26:20,023 DEBUG [main][TraversableResolvers.java:60] - Cannot find javax.persistence.Persistence on classpath. Assuming non JPA 2 environment. All properties will per default be traversable.
2023-11-30 17:26:20,023 DEBUG [main][TraversableResolvers.java:60] - Cannot find javax.persistence.Persistence on classpath. Assuming non JPA 2 environment. All properties will per default be traversable.
2023-11-30 17:26:20,024 DEBUG [main][ValidatorFactoryConfigurationHelper.java:300] - HV000252: Using org.hibernate.validator.internal.engine.DefaultPropertyNodeNameProvider as property node name provider.
2023-11-30 17:26:20,024 DEBUG [main][ValidatorFactoryConfigurationHelper.java:300] - HV000252: Using org.hibernate.validator.internal.engine.DefaultPropertyNodeNameProvider as property node name provider.
2023-11-30 17:26:20,025 DEBUG [main][ValidatorFactoryConfigurationHelper.java:375] - HV000234: Using org.springframework.validation.beanvalidation.LocaleContextMessageInterpolator as ValidatorFactory-scoped message interpolator.
2023-11-30 17:26:20,025 DEBUG [main][ValidatorFactoryConfigurationHelper.java:375] - HV000234: Using org.springframework.validation.beanvalidation.LocaleContextMessageInterpolator as ValidatorFactory-scoped message interpolator.
2023-11-30 17:26:20,025 DEBUG [main][ValidatorFactoryConfigurationHelper.java:376] - HV000234: Using org.hibernate.validator.internal.engine.resolver.TraverseAllTraversableResolver as ValidatorFactory-scoped traversable resolver.
2023-11-30 17:26:20,025 DEBUG [main][ValidatorFactoryConfigurationHelper.java:376] - HV000234: Using org.hibernate.validator.internal.engine.resolver.TraverseAllTraversableResolver as ValidatorFactory-scoped traversable resolver.
2023-11-30 17:26:20,025 DEBUG [main][ValidatorFactoryConfigurationHelper.java:377] - HV000234: Using org.hibernate.validator.internal.util.ExecutableParameterNameProvider as ValidatorFactory-scoped parameter name provider.
2023-11-30 17:26:20,025 DEBUG [main][ValidatorFactoryConfigurationHelper.java:377] - HV000234: Using org.hibernate.validator.internal.util.ExecutableParameterNameProvider as ValidatorFactory-scoped parameter name provider.
2023-11-30 17:26:20,025 DEBUG [main][ValidatorFactoryConfigurationHelper.java:378] - HV000234: Using org.hibernate.validator.internal.engine.DefaultClockProvider as ValidatorFactory-scoped clock provider.
2023-11-30 17:26:20,025 DEBUG [main][ValidatorFactoryConfigurationHelper.java:378] - HV000234: Using org.hibernate.validator.internal.engine.DefaultClockProvider as ValidatorFactory-scoped clock provider.
2023-11-30 17:26:20,025 DEBUG [main][ValidatorFactoryConfigurationHelper.java:379] - HV000234: Using org.hibernate.validator.internal.engine.scripting.DefaultScriptEvaluatorFactory as ValidatorFactory-scoped script evaluator factory.
2023-11-30 17:26:20,025 DEBUG [main][ValidatorFactoryConfigurationHelper.java:379] - HV000234: Using org.hibernate.validator.internal.engine.scripting.DefaultScriptEvaluatorFactory as ValidatorFactory-scoped script evaluator factory.
2023-11-30 17:26:20,072 INFO [main][ExecutorConfigurationSupport.java:181] - Initializing ExecutorService 'applicationTaskExecutor'
2023-11-30 17:26:20,072 INFO [main][ExecutorConfigurationSupport.java:181] - Initializing ExecutorService 'applicationTaskExecutor'
2023-11-30 17:26:20,165 INFO [main][ExecutorConfigurationSupport.java:181] - Initializing ExecutorService 'taskScheduler'
2023-11-30 17:26:20,165 INFO [main][ExecutorConfigurationSupport.java:181] - Initializing ExecutorService 'taskScheduler'
2023-11-30 17:26:20,204 INFO [main][DirectJDKLog.java:173] - Starting ProtocolHandler ["http-nio-63110"]
2023-11-30 17:26:20,204 INFO [main][DirectJDKLog.java:173] - Starting ProtocolHandler ["http-nio-63110"]
2023-11-30 17:26:20,222 INFO [main][TomcatWebServer.java:220] - Tomcat started on port(s): 63110 (http) with context path '/system'
2023-11-30 17:26:20,222 INFO [main][TomcatWebServer.java:220] - Tomcat started on port(s): 63110 (http) with context path '/system'
2023-11-30 17:26:20,223 INFO [main][DocumentationPluginsBootstrapper.java:160] - Context refreshed
2023-11-30 17:26:20,223 INFO [main][DocumentationPluginsBootstrapper.java:160] - Context refreshed
2023-11-30 17:26:20,234 INFO [main][DocumentationPluginsBootstrapper.java:163] - Found 1 custom documentation plugin(s)
2023-11-30 17:26:20,234 INFO [main][DocumentationPluginsBootstrapper.java:163] - Found 1 custom documentation plugin(s)
2023-11-30 17:26:20,262 INFO [main][ApiListingReferenceScanner.java:41] - Scanning for api listing references
2023-11-30 17:26:20,262 INFO [main][ApiListingReferenceScanner.java:41] - Scanning for api listing references
2023-11-30 17:26:20,368 INFO [main][StartupInfoLogger.java:61] - Started SystemApplication in 3.193 seconds (JVM running for 4.818)
2023-11-30 17:26:20,368 INFO [main][StartupInfoLogger.java:61] - Started SystemApplication in 3.193 seconds (JVM running for 4.818)
2023-11-30 17:27:11,823 INFO [http-nio-63110-exec-1][DirectJDKLog.java:173] - Initializing Spring DispatcherServlet 'dispatcherServlet'
2023-11-30 17:27:11,823 INFO [http-nio-63110-exec-1][DirectJDKLog.java:173] - Initializing Spring DispatcherServlet 'dispatcherServlet'
2023-11-30 17:27:11,824 INFO [http-nio-63110-exec-1][FrameworkServlet.java:525] - Initializing Servlet 'dispatcherServlet'
2023-11-30 17:27:11,824 INFO [http-nio-63110-exec-1][FrameworkServlet.java:525] - Initializing Servlet 'dispatcherServlet'
2023-11-30 17:27:11,834 INFO [http-nio-63110-exec-1][FrameworkServlet.java:547] - Completed initialization in 10 ms
2023-11-30 17:27:11,834 INFO [http-nio-63110-exec-1][FrameworkServlet.java:547] - Completed initialization in 10 ms
2023-11-30 17:27:11,912 DEBUG [http-nio-63110-exec-1][HikariConfig.java:1066] - HikariPool-1 - configuration:
2023-11-30 17:27:11,912 DEBUG [http-nio-63110-exec-1][HikariConfig.java:1066] - HikariPool-1 - configuration:
2023-11-30 17:27:11,913 DEBUG [http-nio-63110-exec-1][HikariConfig.java:1098] - allowPoolSuspension.............false
2023-11-30 17:27:11,913 DEBUG [http-nio-63110-exec-1][HikariConfig.java:1098] - allowPoolSuspension.............false
2023-11-30 17:27:11,913 DEBUG [http-nio-63110-exec-1][HikariConfig.java:1098] - autoCommit......................true
2023-11-30 17:27:11,913 DEBUG [http-nio-63110-exec-1][HikariConfig.java:1098] - autoCommit......................true
2023-11-30 17:27:11,914 DEBUG [http-nio-63110-exec-1][HikariConfig.java:1098] - catalog.........................none
2023-11-30 17:27:11,914 DEBUG [http-nio-63110-exec-1][HikariConfig.java:1098] - catalog.........................none
2023-11-30 17:27:11,914 DEBUG [http-nio-63110-exec-1][HikariConfig.java:1098] - connectionInitSql...............none
2023-11-30 17:27:11,914 DEBUG [http-nio-63110-exec-1][HikariConfig.java:1098] - connectionInitSql...............none
2023-11-30 17:27:11,914 DEBUG [http-nio-63110-exec-1][HikariConfig.java:1098] - connectionTestQuery.............none
2023-11-30 17:27:11,914 DEBUG [http-nio-63110-exec-1][HikariConfig.java:1098] - connectionTestQuery.............none
2023-11-30 17:27:11,914 DEBUG [http-nio-63110-exec-1][HikariConfig.java:1098] - connectionTimeout...............30000
2023-11-30 17:27:11,914 DEBUG [http-nio-63110-exec-1][HikariConfig.java:1098] - connectionTimeout...............30000
2023-11-30 17:27:11,914 DEBUG [http-nio-63110-exec-1][HikariConfig.java:1098] - dataSource......................none
2023-11-30 17:27:11,914 DEBUG [http-nio-63110-exec-1][HikariConfig.java:1098] - dataSource......................none
2023-11-30 17:27:11,915 DEBUG [http-nio-63110-exec-1][HikariConfig.java:1098] - dataSourceClassName.............none
2023-11-30 17:27:11,915 DEBUG [http-nio-63110-exec-1][HikariConfig.java:1098] - dataSourceClassName.............none
2023-11-30 17:27:11,915 DEBUG [http-nio-63110-exec-1][HikariConfig.java:1098] - dataSourceJNDI..................none
2023-11-30 17:27:11,915 DEBUG [http-nio-63110-exec-1][HikariConfig.java:1098] - dataSourceJNDI..................none
2023-11-30 17:27:11,915 DEBUG [http-nio-63110-exec-1][HikariConfig.java:1098] - dataSourceProperties............{password=<masked>}
2023-11-30 17:27:11,915 DEBUG [http-nio-63110-exec-1][HikariConfig.java:1098] - dataSourceProperties............{password=<masked>}
2023-11-30 17:27:11,916 DEBUG [http-nio-63110-exec-1][HikariConfig.java:1098] - driverClassName................."com.mysql.cj.jdbc.Driver"
2023-11-30 17:27:11,916 DEBUG [http-nio-63110-exec-1][HikariConfig.java:1098] - driverClassName................."com.mysql.cj.jdbc.Driver"
2023-11-30 17:27:11,916 DEBUG [http-nio-63110-exec-1][HikariConfig.java:1098] - exceptionOverrideClassName......none
2023-11-30 17:27:11,916 DEBUG [http-nio-63110-exec-1][HikariConfig.java:1098] - exceptionOverrideClassName......none
2023-11-30 17:27:11,916 DEBUG [http-nio-63110-exec-1][HikariConfig.java:1098] - healthCheckProperties...........{}
2023-11-30 17:27:11,916 DEBUG [http-nio-63110-exec-1][HikariConfig.java:1098] - healthCheckProperties...........{}
2023-11-30 17:27:11,916 DEBUG [http-nio-63110-exec-1][HikariConfig.java:1098] - healthCheckRegistry.............none
2023-11-30 17:27:11,917 DEBUG [http-nio-63110-exec-1][HikariConfig.java:1098] - idleTimeout.....................600000
2023-11-30 17:27:11,916 DEBUG [http-nio-63110-exec-1][HikariConfig.java:1098] - healthCheckRegistry.............none
2023-11-30 17:27:11,917 DEBUG [http-nio-63110-exec-1][HikariConfig.java:1098] - idleTimeout.....................600000
2023-11-30 17:27:11,917 DEBUG [http-nio-63110-exec-1][HikariConfig.java:1098] - initializationFailTimeout.......1
2023-11-30 17:27:11,917 DEBUG [http-nio-63110-exec-1][HikariConfig.java:1098] - initializationFailTimeout.......1
2023-11-30 17:27:11,917 DEBUG [http-nio-63110-exec-1][HikariConfig.java:1098] - isolateInternalQueries..........false
2023-11-30 17:27:11,917 DEBUG [http-nio-63110-exec-1][HikariConfig.java:1098] - isolateInternalQueries..........false
2023-11-30 17:27:11,917 DEBUG [http-nio-63110-exec-1][HikariConfig.java:1098] - jdbcUrl.........................jdbc:mysql://192.168.101.65:3306/xcplus_system?serverTimezone=UTC&userUnicode=true&useSSL=false&
2023-11-30 17:27:11,917 DEBUG [http-nio-63110-exec-1][HikariConfig.java:1098] - jdbcUrl.........................jdbc:mysql://192.168.101.65:3306/xcplus_system?serverTimezone=UTC&userUnicode=true&useSSL=false&
2023-11-30 17:27:11,918 DEBUG [http-nio-63110-exec-1][HikariConfig.java:1098] - leakDetectionThreshold..........0
2023-11-30 17:27:11,918 DEBUG [http-nio-63110-exec-1][HikariConfig.java:1098] - leakDetectionThreshold..........0
2023-11-30 17:27:11,918 DEBUG [http-nio-63110-exec-1][HikariConfig.java:1098] - maxLifetime.....................1800000
2023-11-30 17:27:11,918 DEBUG [http-nio-63110-exec-1][HikariConfig.java:1098] - maxLifetime.....................1800000
2023-11-30 17:27:11,918 DEBUG [http-nio-63110-exec-1][HikariConfig.java:1098] - maximumPoolSize.................10
2023-11-30 17:27:11,918 DEBUG [http-nio-63110-exec-1][HikariConfig.java:1098] - maximumPoolSize.................10
2023-11-30 17:27:11,918 DEBUG [http-nio-63110-exec-1][HikariConfig.java:1098] - metricRegistry..................none
2023-11-30 17:27:11,918 DEBUG [http-nio-63110-exec-1][HikariConfig.java:1098] - metricRegistry..................none
2023-11-30 17:27:11,918 DEBUG [http-nio-63110-exec-1][HikariConfig.java:1098] - metricsTrackerFactory...........none
2023-11-30 17:27:11,918 DEBUG [http-nio-63110-exec-1][HikariConfig.java:1098] - metricsTrackerFactory...........none
2023-11-30 17:27:11,918 DEBUG [http-nio-63110-exec-1][HikariConfig.java:1098] - minimumIdle.....................10
2023-11-30 17:27:11,918 DEBUG [http-nio-63110-exec-1][HikariConfig.java:1098] - minimumIdle.....................10
2023-11-30 17:27:11,920 DEBUG [http-nio-63110-exec-1][HikariConfig.java:1098] - password........................<masked>
2023-11-30 17:27:11,920 DEBUG [http-nio-63110-exec-1][HikariConfig.java:1098] - password........................<masked>
2023-11-30 17:27:11,920 DEBUG [http-nio-63110-exec-1][HikariConfig.java:1098] - poolName........................"HikariPool-1"
2023-11-30 17:27:11,920 DEBUG [http-nio-63110-exec-1][HikariConfig.java:1098] - poolName........................"HikariPool-1"
2023-11-30 17:27:11,920 DEBUG [http-nio-63110-exec-1][HikariConfig.java:1098] - readOnly........................false
2023-11-30 17:27:11,920 DEBUG [http-nio-63110-exec-1][HikariConfig.java:1098] - readOnly........................false
2023-11-30 17:27:11,920 DEBUG [http-nio-63110-exec-1][HikariConfig.java:1098] - registerMbeans..................false
2023-11-30 17:27:11,920 DEBUG [http-nio-63110-exec-1][HikariConfig.java:1098] - registerMbeans..................false
2023-11-30 17:27:11,920 DEBUG [http-nio-63110-exec-1][HikariConfig.java:1098] - scheduledExecutor...............none
2023-11-30 17:27:11,920 DEBUG [http-nio-63110-exec-1][HikariConfig.java:1098] - scheduledExecutor...............none
2023-11-30 17:27:11,920 DEBUG [http-nio-63110-exec-1][HikariConfig.java:1098] - schema..........................none
2023-11-30 17:27:11,920 DEBUG [http-nio-63110-exec-1][HikariConfig.java:1098] - schema..........................none
2023-11-30 17:27:11,920 DEBUG [http-nio-63110-exec-1][HikariConfig.java:1098] - threadFactory...................internal
2023-11-30 17:27:11,920 DEBUG [http-nio-63110-exec-1][HikariConfig.java:1098] - threadFactory...................internal
2023-11-30 17:27:11,921 DEBUG [http-nio-63110-exec-1][HikariConfig.java:1098] - transactionIsolation............default
2023-11-30 17:27:11,921 DEBUG [http-nio-63110-exec-1][HikariConfig.java:1098] - transactionIsolation............default
2023-11-30 17:27:11,921 DEBUG [http-nio-63110-exec-1][HikariConfig.java:1098] - username........................"root"
2023-11-30 17:27:11,921 DEBUG [http-nio-63110-exec-1][HikariConfig.java:1098] - username........................"root"
2023-11-30 17:27:11,921 DEBUG [http-nio-63110-exec-1][HikariConfig.java:1098] - validationTimeout...............5000
2023-11-30 17:27:11,921 DEBUG [http-nio-63110-exec-1][HikariConfig.java:1098] - validationTimeout...............5000
2023-11-30 17:27:11,921 INFO [http-nio-63110-exec-1][HikariDataSource.java:110] - HikariPool-1 - Starting...
2023-11-30 17:27:11,921 INFO [http-nio-63110-exec-1][HikariDataSource.java:110] - HikariPool-1 - Starting...
2023-11-30 17:27:12,410 DEBUG [http-nio-63110-exec-1][HikariPool.java:564] - HikariPool-1 - Added connection com.mysql.cj.jdbc.ConnectionImpl@1622eb87
2023-11-30 17:27:12,410 DEBUG [http-nio-63110-exec-1][HikariPool.java:564] - HikariPool-1 - Added connection com.mysql.cj.jdbc.ConnectionImpl@1622eb87
2023-11-30 17:27:12,412 INFO [http-nio-63110-exec-1][HikariDataSource.java:123] - HikariPool-1 - Start completed.
2023-11-30 17:27:12,412 INFO [http-nio-63110-exec-1][HikariDataSource.java:123] - HikariPool-1 - Start completed.
2023-11-30 17:27:12,416 DEBUG [http-nio-63110-exec-1][BaseJdbcLogger.java:137] - ==>  Preparing: SELECT id,name,code,item_values FROM dictionary
2023-11-30 17:27:12,416 DEBUG [http-nio-63110-exec-1][BaseJdbcLogger.java:137] - ==>  Preparing: SELECT id,name,code,item_values FROM dictionary
2023-11-30 17:27:12,428 DEBUG [http-nio-63110-exec-1][BaseJdbcLogger.java:137] - ==> Parameters: 
2023-11-30 17:27:12,428 DEBUG [http-nio-63110-exec-1][BaseJdbcLogger.java:137] - ==> Parameters: 
2023-11-30 17:27:12,514 DEBUG [HikariPool-1 housekeeper][HikariPool.java:421] - HikariPool-1 - Pool stats (total=1, active=1, idle=0, waiting=0)
2023-11-30 17:27:12,514 DEBUG [HikariPool-1 housekeeper][HikariPool.java:421] - HikariPool-1 - Pool stats (total=1, active=1, idle=0, waiting=0)
2023-11-30 17:27:13,887 DEBUG [HikariPool-1 connection adder][HikariPool.java:728] - HikariPool-1 - Added connection com.mysql.cj.jdbc.ConnectionImpl@3a697e87
2023-11-30 17:27:13,887 DEBUG [HikariPool-1 connection adder][HikariPool.java:728] - HikariPool-1 - Added connection com.mysql.cj.jdbc.ConnectionImpl@3a697e87
2023-11-30 17:27:13,895 DEBUG [http-nio-63110-exec-1][BaseJdbcLogger.java:137] - <==      Total: 17
2023-11-30 17:27:13,895 DEBUG [http-nio-63110-exec-1][BaseJdbcLogger.java:137] - <==      Total: 17
2023-11-30 17:27:13,998 DEBUG [HikariPool-1 connection adder][HikariPool.java:728] - HikariPool-1 - Added connection com.mysql.cj.jdbc.ConnectionImpl@7b5474bc
2023-11-30 17:27:13,998 DEBUG [HikariPool-1 connection adder][HikariPool.java:728] - HikariPool-1 - Added connection com.mysql.cj.jdbc.ConnectionImpl@7b5474bc
2023-11-30 17:27:14,056 DEBUG [HikariPool-1 connection adder][HikariPool.java:728] - HikariPool-1 - Added connection com.mysql.cj.jdbc.ConnectionImpl@4ae5ac92
2023-11-30 17:27:14,056 DEBUG [HikariPool-1 connection adder][HikariPool.java:728] - HikariPool-1 - Added connection com.mysql.cj.jdbc.ConnectionImpl@4ae5ac92
2023-11-30 17:27:14,123 DEBUG [HikariPool-1 connection adder][HikariPool.java:728] - HikariPool-1 - Added connection com.mysql.cj.jdbc.ConnectionImpl@1b7b8bf3
2023-11-30 17:27:14,123 DEBUG [HikariPool-1 connection adder][HikariPool.java:728] - HikariPool-1 - Added connection com.mysql.cj.jdbc.ConnectionImpl@1b7b8bf3
2023-11-30 17:27:14,172 DEBUG [HikariPool-1 connection adder][HikariPool.java:728] - HikariPool-1 - Added connection com.mysql.cj.jdbc.ConnectionImpl@ce5d000
2023-11-30 17:27:14,172 DEBUG [HikariPool-1 connection adder][HikariPool.java:728] - HikariPool-1 - Added connection com.mysql.cj.jdbc.ConnectionImpl@ce5d000
2023-11-30 17:27:14,210 DEBUG [HikariPool-1 connection adder][HikariPool.java:728] - HikariPool-1 - Added connection com.mysql.cj.jdbc.ConnectionImpl@1f35f429
2023-11-30 17:27:14,210 DEBUG [HikariPool-1 connection adder][HikariPool.java:728] - HikariPool-1 - Added connection com.mysql.cj.jdbc.ConnectionImpl@1f35f429
2023-11-30 17:27:14,244 DEBUG [HikariPool-1 connection adder][HikariPool.java:728] - HikariPool-1 - Added connection com.mysql.cj.jdbc.ConnectionImpl@23f9030a
2023-11-30 17:27:14,244 DEBUG [HikariPool-1 connection adder][HikariPool.java:728] - HikariPool-1 - Added connection com.mysql.cj.jdbc.ConnectionImpl@23f9030a
2023-11-30 17:27:14,268 DEBUG [HikariPool-1 connection adder][HikariPool.java:728] - HikariPool-1 - Added connection com.mysql.cj.jdbc.ConnectionImpl@7f6117e0
2023-11-30 17:27:14,268 DEBUG [HikariPool-1 connection adder][HikariPool.java:728] - HikariPool-1 - Added connection com.mysql.cj.jdbc.ConnectionImpl@7f6117e0
2023-11-30 17:27:14,483 DEBUG [HikariPool-1 connection adder][HikariPool.java:728] - HikariPool-1 - Added connection com.mysql.cj.jdbc.ConnectionImpl@67ceffe6
2023-11-30 17:27:14,483 DEBUG [HikariPool-1 connection adder][HikariPool.java:728] - HikariPool-1 - Added connection com.mysql.cj.jdbc.ConnectionImpl@67ceffe6
2023-11-30 17:27:14,483 DEBUG [HikariPool-1 connection adder][HikariPool.java:421] - HikariPool-1 - After adding stats (total=10, active=0, idle=10, waiting=0)
2023-11-30 17:27:14,483 DEBUG [HikariPool-1 connection adder][HikariPool.java:421] - HikariPool-1 - After adding stats (total=10, active=0, idle=10, waiting=0)
2023-11-30 17:27:28,603 DEBUG [http-nio-63110-exec-4][BaseJdbcLogger.java:137] - ==>  Preparing: SELECT id,name,code,item_values FROM dictionary
2023-11-30 17:27:28,603 DEBUG [http-nio-63110-exec-4][BaseJdbcLogger.java:137] - ==>  Preparing: SELECT id,name,code,item_values FROM dictionary
2023-11-30 17:27:28,604 DEBUG [http-nio-63110-exec-4][BaseJdbcLogger.java:137] - ==> Parameters: 
2023-11-30 17:27:28,604 DEBUG [http-nio-63110-exec-4][BaseJdbcLogger.java:137] - ==> Parameters: 
2023-11-30 17:27:28,617 DEBUG [http-nio-63110-exec-4][BaseJdbcLogger.java:137] - <==      Total: 17
2023-11-30 17:27:28,617 DEBUG [http-nio-63110-exec-4][BaseJdbcLogger.java:137] - <==      Total: 17
2023-11-30 17:27:42,531 DEBUG [HikariPool-1 housekeeper][HikariPool.java:421] - HikariPool-1 - Pool stats (total=10, active=0, idle=10, waiting=0)
2023-11-30 17:27:42,531 DEBUG [HikariPool-1 housekeeper][HikariPool.java:421] - HikariPool-1 - Pool stats (total=10, active=0, idle=10, waiting=0)
2023-11-30 17:27:42,532 DEBUG [HikariPool-1 housekeeper][HikariPool.java:517] - HikariPool-1 - Fill pool skipped, pool is at sufficient level.
2023-11-30 17:27:42,532 DEBUG [HikariPool-1 housekeeper][HikariPool.java:517] - HikariPool-1 - Fill pool skipped, pool is at sufficient level.
2023-11-30 17:28:12,544 DEBUG [HikariPool-1 housekeeper][HikariPool.java:421] - HikariPool-1 - Pool stats (total=10, active=0, idle=10, waiting=0)
2023-11-30 17:28:12,544 DEBUG [HikariPool-1 housekeeper][HikariPool.java:421] - HikariPool-1 - Pool stats (total=10, active=0, idle=10, waiting=0)
2023-11-30 17:28:12,545 DEBUG [HikariPool-1 housekeeper][HikariPool.java:517] - HikariPool-1 - Fill pool skipped, pool is at sufficient level.
2023-11-30 17:28:12,545 DEBUG [HikariPool-1 housekeeper][HikariPool.java:517] - HikariPool-1 - Fill pool skipped, pool is at sufficient level.
2023-11-30 17:28:42,553 DEBUG [HikariPool-1 housekeeper][HikariPool.java:421] - HikariPool-1 - Pool stats (total=10, active=0, idle=10, waiting=0)
2023-11-30 17:28:42,553 DEBUG [HikariPool-1 housekeeper][HikariPool.java:421] - HikariPool-1 - Pool stats (total=10, active=0, idle=10, waiting=0)
2023-11-30 17:28:42,553 DEBUG [HikariPool-1 housekeeper][HikariPool.java:517] - HikariPool-1 - Fill pool skipped, pool is at sufficient level.
2023-11-30 17:28:42,553 DEBUG [HikariPool-1 housekeeper][HikariPool.java:517] - HikariPool-1 - Fill pool skipped, pool is at sufficient level.
2023-11-30 17:29:12,554 DEBUG [HikariPool-1 housekeeper][HikariPool.java:421] - HikariPool-1 - Pool stats (total=10, active=0, idle=10, waiting=0)
2023-11-30 17:29:12,554 DEBUG [HikariPool-1 housekeeper][HikariPool.java:421] - HikariPool-1 - Pool stats (total=10, active=0, idle=10, waiting=0)
2023-11-30 17:29:12,554 DEBUG [HikariPool-1 housekeeper][HikariPool.java:517] - HikariPool-1 - Fill pool skipped, pool is at sufficient level.
2023-11-30 17:29:12,554 DEBUG [HikariPool-1 housekeeper][HikariPool.java:517] - HikariPool-1 - Fill pool skipped, pool is at sufficient level.
2023-11-30 17:29:42,556 DEBUG [HikariPool-1 housekeeper][HikariPool.java:421] - HikariPool-1 - Pool stats (total=10, active=0, idle=10, waiting=0)
2023-11-30 17:29:42,556 DEBUG [HikariPool-1 housekeeper][HikariPool.java:421] - HikariPool-1 - Pool stats (total=10, active=0, idle=10, waiting=0)
2023-11-30 17:29:42,558 DEBUG [HikariPool-1 housekeeper][HikariPool.java:517] - HikariPool-1 - Fill pool skipped, pool is at sufficient level.
2023-11-30 17:29:42,558 DEBUG [HikariPool-1 housekeeper][HikariPool.java:517] - HikariPool-1 - Fill pool skipped, pool is at sufficient level.
2023-11-30 17:30:12,572 DEBUG [HikariPool-1 housekeeper][HikariPool.java:421] - HikariPool-1 - Pool stats (total=10, active=0, idle=10, waiting=0)
2023-11-30 17:30:12,572 DEBUG [HikariPool-1 housekeeper][HikariPool.java:421] - HikariPool-1 - Pool stats (total=10, active=0, idle=10, waiting=0)
2023-11-30 17:30:12,572 DEBUG [HikariPool-1 housekeeper][HikariPool.java:517] - HikariPool-1 - Fill pool skipped, pool is at sufficient level.
2023-11-30 17:30:12,572 DEBUG [HikariPool-1 housekeeper][HikariPool.java:517] - HikariPool-1 - Fill pool skipped, pool is at sufficient level.
2023-11-30 17:30:42,578 DEBUG [HikariPool-1 housekeeper][HikariPool.java:421] - HikariPool-1 - Pool stats (total=10, active=0, idle=10, waiting=0)
2023-11-30 17:30:42,578 DEBUG [HikariPool-1 housekeeper][HikariPool.java:421] - HikariPool-1 - Pool stats (total=10, active=0, idle=10, waiting=0)
2023-11-30 17:30:42,578 DEBUG [HikariPool-1 housekeeper][HikariPool.java:517] - HikariPool-1 - Fill pool skipped, pool is at sufficient level.
2023-11-30 17:30:42,578 DEBUG [HikariPool-1 housekeeper][HikariPool.java:517] - HikariPool-1 - Fill pool skipped, pool is at sufficient level.
2023-11-30 17:31:12,591 DEBUG [HikariPool-1 housekeeper][HikariPool.java:421] - HikariPool-1 - Pool stats (total=10, active=0, idle=10, waiting=0)
2023-11-30 17:31:12,591 DEBUG [HikariPool-1 housekeeper][HikariPool.java:421] - HikariPool-1 - Pool stats (total=10, active=0, idle=10, waiting=0)
2023-11-30 17:31:12,592 DEBUG [HikariPool-1 housekeeper][HikariPool.java:517] - HikariPool-1 - Fill pool skipped, pool is at sufficient level.
2023-11-30 17:31:12,592 DEBUG [HikariPool-1 housekeeper][HikariPool.java:517] - HikariPool-1 - Fill pool skipped, pool is at sufficient level.
2023-11-30 17:31:42,603 DEBUG [HikariPool-1 housekeeper][HikariPool.java:421] - HikariPool-1 - Pool stats (total=10, active=0, idle=10, waiting=0)
2023-11-30 17:31:42,603 DEBUG [HikariPool-1 housekeeper][HikariPool.java:421] - HikariPool-1 - Pool stats (total=10, active=0, idle=10, waiting=0)
2023-11-30 17:31:42,603 DEBUG [HikariPool-1 housekeeper][HikariPool.java:517] - HikariPool-1 - Fill pool skipped, pool is at sufficient level.
2023-11-30 17:31:42,603 DEBUG [HikariPool-1 housekeeper][HikariPool.java:517] - HikariPool-1 - Fill pool skipped, pool is at sufficient level.
2023-11-30 17:32:12,613 DEBUG [HikariPool-1 housekeeper][HikariPool.java:421] - HikariPool-1 - Pool stats (total=10, active=0, idle=10, waiting=0)
2023-11-30 17:32:12,613 DEBUG [HikariPool-1 housekeeper][HikariPool.java:421] - HikariPool-1 - Pool stats (total=10, active=0, idle=10, waiting=0)
2023-11-30 17:32:12,613 DEBUG [HikariPool-1 housekeeper][HikariPool.java:517] - HikariPool-1 - Fill pool skipped, pool is at sufficient level.
2023-11-30 17:32:12,613 DEBUG [HikariPool-1 housekeeper][HikariPool.java:517] - HikariPool-1 - Fill pool skipped, pool is at sufficient level.
2023-11-30 17:32:42,618 DEBUG [HikariPool-1 housekeeper][HikariPool.java:421] - HikariPool-1 - Pool stats (total=10, active=0, idle=10, waiting=0)
2023-11-30 17:32:42,618 DEBUG [HikariPool-1 housekeeper][HikariPool.java:421] - HikariPool-1 - Pool stats (total=10, active=0, idle=10, waiting=0)
2023-11-30 17:32:42,619 DEBUG [HikariPool-1 housekeeper][HikariPool.java:517] - HikariPool-1 - Fill pool skipped, pool is at sufficient level.
2023-11-30 17:32:42,619 DEBUG [HikariPool-1 housekeeper][HikariPool.java:517] - HikariPool-1 - Fill pool skipped, pool is at sufficient level.
