2024-01-23 20:00:00,009 DEBUG [com.alibaba.nacos.naming.failover][FailoverReactor.java:147] - failover switch is not found, failover00-00---000-VIPSRV_FAILOVER_SWITCH-000---00-00
2024-01-23 20:00:00,009 DEBUG [com.alibaba.nacos.naming.failover][FailoverReactor.java:147] - failover switch is not found, failover00-00---000-VIPSRV_FAILOVER_SWITCH-000---00-00
2024-01-23 20:00:00,068 DEBUG [xxl-job, JobThread-5-1705998607671][Logger.java:49] - Creating a new SqlSession
2024-01-23 20:00:00,068 DEBUG [xxl-job, JobThread-5-1705998607671][Logger.java:49] - Creating a new SqlSession
2024-01-23 20:00:00,068 DEBUG [xxl-job, JobThread-5-1705998607671][Logger.java:49] - SqlSession [org.apache.ibatis.session.defaults.DefaultSqlSession@27e8fe7b] was not registered for synchronization because synchronization is not active
2024-01-23 20:00:00,068 DEBUG [xxl-job, JobThread-5-1705998607671][Logger.java:49] - SqlSession [org.apache.ibatis.session.defaults.DefaultSqlSession@27e8fe7b] was not registered for synchronization because synchronization is not active
2024-01-23 20:00:00,069 DEBUG [xxl-job, JobThread-5-1705998607671][DataSourceUtils.java:115] - Fetching JDBC Connection from DataSource
2024-01-23 20:00:00,069 DEBUG [xxl-job, JobThread-5-1705998607671][DataSourceUtils.java:115] - Fetching JDBC Connection from DataSource
2024-01-23 20:00:00,069 DEBUG [xxl-job, JobThread-5-1705998607671][Logger.java:49] - JDBC Connection [HikariProxyConnection@1338619290 wrapping com.mysql.cj.jdbc.ConnectionImpl@7c8b64e0] will not be managed by Spring
2024-01-23 20:00:00,069 DEBUG [xxl-job, JobThread-5-1705998607671][Logger.java:49] - JDBC Connection [HikariProxyConnection@1338619290 wrapping com.mysql.cj.jdbc.ConnectionImpl@7c8b64e0] will not be managed by Spring
2024-01-23 20:00:00,069 DEBUG [xxl-job, JobThread-5-1705998607671][BaseJdbcLogger.java:137] - ==>  Preparing: SELECT t.* FROM mq_message t WHERE t.id % ? = ? and t.state='0' and t.message_type=? limit ?
2024-01-23 20:00:00,069 DEBUG [xxl-job, JobThread-5-1705998607671][BaseJdbcLogger.java:137] - ==>  Preparing: SELECT t.* FROM mq_message t WHERE t.id % ? = ? and t.state='0' and t.message_type=? limit ?
2024-01-23 20:00:00,070 DEBUG [xxl-job, JobThread-5-1705998607671][BaseJdbcLogger.java:137] - ==> Parameters: 1(Integer), 0(Integer), course_publish(String), 30(Integer)
2024-01-23 20:00:00,070 DEBUG [xxl-job, JobThread-5-1705998607671][BaseJdbcLogger.java:137] - ==> Parameters: 1(Integer), 0(Integer), course_publish(String), 30(Integer)
2024-01-23 20:00:00,070 DEBUG [xxl-job, JobThread-5-1705998607671][BaseJdbcLogger.java:137] - <==      Total: 0
2024-01-23 20:00:00,070 DEBUG [xxl-job, JobThread-5-1705998607671][BaseJdbcLogger.java:137] - <==      Total: 0
2024-01-23 20:00:00,070 DEBUG [xxl-job, JobThread-5-1705998607671][Logger.java:49] - Closing non transactional SqlSession [org.apache.ibatis.session.defaults.DefaultSqlSession@27e8fe7b]
2024-01-23 20:00:00,070 DEBUG [xxl-job, JobThread-5-1705998607671][Logger.java:49] - Closing non transactional SqlSession [org.apache.ibatis.session.defaults.DefaultSqlSession@27e8fe7b]
2024-01-23 20:00:00,070 DEBUG [xxl-job, JobThread-5-1705998607671][MessageProcessAbstract.java:53] - 取出待处理消息0条
2024-01-23 20:00:00,070 DEBUG [xxl-job, JobThread-5-1705998607671][MessageProcessAbstract.java:53] - 取出待处理消息0条
2024-01-23 20:00:00,070 DEBUG [xxl-job, JobThread-5-1705998607671][TriggerCallbackThread.java:40] - >>>>>>>>>>> xxl-job, push callback request, logId:111062
2024-01-23 20:00:00,070 DEBUG [xxl-job, JobThread-5-1705998607671][TriggerCallbackThread.java:40] - >>>>>>>>>>> xxl-job, push callback request, logId:111062
