2023-12-07 20:23:14,792 WARN [HikariPool-1 housekeeper][HikariPool.java:787] - HikariPool-1 - Thread starvation or clock leap detected (housekeeper delta=2h49m854ms249µs100ns).
2023-12-07 20:23:14,792 WARN [HikariPool-1 housekeeper][HikariPool.java:787] - HikariPool-1 - Thread starvation or clock leap detected (housekeeper delta=2h49m854ms249µs100ns).
2023-12-07 20:23:14,819 DEBUG [HikariPool-1 housekeeper][HikariPool.java:421] - HikariPool-1 - Pool stats (total=10, active=0, idle=10, waiting=0)
2023-12-07 20:23:14,819 DEBUG [HikariPool-1 housekeeper][HikariPool.java:421] - HikariPool-1 - Pool stats (total=10, active=0, idle=10, waiting=0)
2023-12-07 20:23:14,819 DEBUG [HikariPool-1 housekeeper][HikariPool.java:517] - HikariPool-1 - Fill pool skipped, pool is at sufficient level.
2023-12-07 20:23:14,819 DEBUG [HikariPool-1 housekeeper][HikariPool.java:517] - HikariPool-1 - Fill pool skipped, pool is at sufficient level.
2023-12-07 20:23:14,820 DEBUG [HikariPool-1 housekeeper][HikariPool.java:342] - HikariPool-1 - Add connection elided, waiting 0, queue 1
2023-12-07 20:23:14,820 DEBUG [HikariPool-1 housekeeper][HikariPool.java:342] - HikariPool-1 - Add connection elided, waiting 0, queue 1
2023-12-07 20:23:14,820 DEBUG [HikariPool-1 connection closer][PoolBase.java:134] - HikariPool-1 - Closing connection com.mysql.cj.jdbc.ConnectionImpl@7965d277: (connection has passed maxLifetime)
2023-12-07 20:23:14,820 DEBUG [HikariPool-1 connection closer][PoolBase.java:134] - HikariPool-1 - Closing connection com.mysql.cj.jdbc.ConnectionImpl@7965d277: (connection has passed maxLifetime)
2023-12-07 20:23:14,820 DEBUG [HikariPool-1 housekeeper][HikariPool.java:342] - HikariPool-1 - Add connection elided, waiting 0, queue 1
2023-12-07 20:23:14,820 DEBUG [HikariPool-1 housekeeper][HikariPool.java:342] - HikariPool-1 - Add connection elided, waiting 0, queue 1
2023-12-07 20:23:14,820 DEBUG [HikariPool-1 housekeeper][HikariPool.java:342] - HikariPool-1 - Add connection elided, waiting 0, queue 1
2023-12-07 20:23:14,820 DEBUG [HikariPool-1 housekeeper][HikariPool.java:342] - HikariPool-1 - Add connection elided, waiting 0, queue 1
2023-12-07 20:23:14,820 DEBUG [HikariPool-1 housekeeper][HikariPool.java:342] - HikariPool-1 - Add connection elided, waiting 0, queue 1
2023-12-07 20:23:14,820 DEBUG [HikariPool-1 housekeeper][HikariPool.java:342] - HikariPool-1 - Add connection elided, waiting 0, queue 1
2023-12-07 20:23:14,820 DEBUG [HikariPool-1 housekeeper][HikariPool.java:342] - HikariPool-1 - Add connection elided, waiting 0, queue 1
2023-12-07 20:23:14,820 DEBUG [HikariPool-1 housekeeper][HikariPool.java:342] - HikariPool-1 - Add connection elided, waiting 0, queue 1
2023-12-07 20:23:14,820 DEBUG [HikariPool-1 housekeeper][HikariPool.java:342] - HikariPool-1 - Add connection elided, waiting 0, queue 1
2023-12-07 20:23:14,820 DEBUG [HikariPool-1 housekeeper][HikariPool.java:342] - HikariPool-1 - Add connection elided, waiting 0, queue 1
2023-12-07 20:23:14,820 DEBUG [HikariPool-1 housekeeper][HikariPool.java:342] - HikariPool-1 - Add connection elided, waiting 0, queue 1
2023-12-07 20:23:14,820 DEBUG [HikariPool-1 housekeeper][HikariPool.java:342] - HikariPool-1 - Add connection elided, waiting 0, queue 1
2023-12-07 20:23:14,820 DEBUG [HikariPool-1 housekeeper][HikariPool.java:342] - HikariPool-1 - Add connection elided, waiting 0, queue 1
2023-12-07 20:23:14,820 DEBUG [HikariPool-1 housekeeper][HikariPool.java:342] - HikariPool-1 - Add connection elided, waiting 0, queue 1
2023-12-07 20:23:14,890 DEBUG [HikariPool-1 connection closer][PoolBase.java:134] - HikariPool-1 - Closing connection com.mysql.cj.jdbc.ConnectionImpl@7cffc6ca: (connection has passed maxLifetime)
2023-12-07 20:23:14,890 DEBUG [HikariPool-1 connection closer][PoolBase.java:134] - HikariPool-1 - Closing connection com.mysql.cj.jdbc.ConnectionImpl@7cffc6ca: (connection has passed maxLifetime)
2023-12-07 20:23:14,890 DEBUG [HikariPool-1 connection closer][HikariPool.java:517] - HikariPool-1 - Fill pool skipped, pool is at sufficient level.
2023-12-07 20:23:14,890 DEBUG [HikariPool-1 connection closer][HikariPool.java:517] - HikariPool-1 - Fill pool skipped, pool is at sufficient level.
2023-12-07 20:23:14,890 DEBUG [HikariPool-1 connection closer][PoolBase.java:134] - HikariPool-1 - Closing connection com.mysql.cj.jdbc.ConnectionImpl@1e9a47e6: (connection has passed maxLifetime)
2023-12-07 20:23:14,890 DEBUG [HikariPool-1 connection closer][PoolBase.java:134] - HikariPool-1 - Closing connection com.mysql.cj.jdbc.ConnectionImpl@1e9a47e6: (connection has passed maxLifetime)
2023-12-07 20:23:14,891 DEBUG [HikariPool-1 connection closer][HikariPool.java:517] - HikariPool-1 - Fill pool skipped, pool is at sufficient level.
2023-12-07 20:23:14,891 DEBUG [HikariPool-1 connection closer][HikariPool.java:517] - HikariPool-1 - Fill pool skipped, pool is at sufficient level.
2023-12-07 20:23:14,891 DEBUG [HikariPool-1 connection closer][PoolBase.java:134] - HikariPool-1 - Closing connection com.mysql.cj.jdbc.ConnectionImpl@fd89ede: (connection has passed maxLifetime)
2023-12-07 20:23:14,891 DEBUG [HikariPool-1 connection closer][PoolBase.java:134] - HikariPool-1 - Closing connection com.mysql.cj.jdbc.ConnectionImpl@fd89ede: (connection has passed maxLifetime)
2023-12-07 20:23:14,891 DEBUG [HikariPool-1 connection closer][HikariPool.java:517] - HikariPool-1 - Fill pool skipped, pool is at sufficient level.
2023-12-07 20:23:14,891 DEBUG [HikariPool-1 connection closer][HikariPool.java:517] - HikariPool-1 - Fill pool skipped, pool is at sufficient level.
2023-12-07 20:23:14,891 DEBUG [HikariPool-1 connection closer][PoolBase.java:134] - HikariPool-1 - Closing connection com.mysql.cj.jdbc.ConnectionImpl@75ac9dd3: (connection has passed maxLifetime)
2023-12-07 20:23:14,891 DEBUG [HikariPool-1 connection closer][PoolBase.java:134] - HikariPool-1 - Closing connection com.mysql.cj.jdbc.ConnectionImpl@75ac9dd3: (connection has passed maxLifetime)
2023-12-07 20:23:14,891 DEBUG [HikariPool-1 connection closer][HikariPool.java:517] - HikariPool-1 - Fill pool skipped, pool is at sufficient level.
2023-12-07 20:23:14,891 DEBUG [HikariPool-1 connection closer][HikariPool.java:517] - HikariPool-1 - Fill pool skipped, pool is at sufficient level.
2023-12-07 20:23:14,892 DEBUG [HikariPool-1 connection closer][PoolBase.java:134] - HikariPool-1 - Closing connection com.mysql.cj.jdbc.ConnectionImpl@6ecbf924: (connection has passed maxLifetime)
2023-12-07 20:23:14,892 DEBUG [HikariPool-1 connection closer][PoolBase.java:134] - HikariPool-1 - Closing connection com.mysql.cj.jdbc.ConnectionImpl@6ecbf924: (connection has passed maxLifetime)
2023-12-07 20:23:14,892 DEBUG [HikariPool-1 connection closer][HikariPool.java:517] - HikariPool-1 - Fill pool skipped, pool is at sufficient level.
2023-12-07 20:23:14,892 DEBUG [HikariPool-1 connection closer][HikariPool.java:517] - HikariPool-1 - Fill pool skipped, pool is at sufficient level.
2023-12-07 20:23:14,892 DEBUG [HikariPool-1 connection closer][PoolBase.java:134] - HikariPool-1 - Closing connection com.mysql.cj.jdbc.ConnectionImpl@5a4da67a: (connection has passed maxLifetime)
2023-12-07 20:23:14,892 DEBUG [HikariPool-1 connection closer][PoolBase.java:134] - HikariPool-1 - Closing connection com.mysql.cj.jdbc.ConnectionImpl@5a4da67a: (connection has passed maxLifetime)
2023-12-07 20:23:14,892 DEBUG [HikariPool-1 connection closer][HikariPool.java:517] - HikariPool-1 - Fill pool skipped, pool is at sufficient level.
2023-12-07 20:23:14,892 DEBUG [HikariPool-1 connection closer][HikariPool.java:517] - HikariPool-1 - Fill pool skipped, pool is at sufficient level.
2023-12-07 20:23:14,892 DEBUG [HikariPool-1 connection closer][PoolBase.java:134] - HikariPool-1 - Closing connection com.mysql.cj.jdbc.ConnectionImpl@3e2c638f: (connection has passed maxLifetime)
2023-12-07 20:23:14,892 DEBUG [HikariPool-1 connection closer][PoolBase.java:134] - HikariPool-1 - Closing connection com.mysql.cj.jdbc.ConnectionImpl@3e2c638f: (connection has passed maxLifetime)
2023-12-07 20:23:14,893 DEBUG [HikariPool-1 connection closer][HikariPool.java:517] - HikariPool-1 - Fill pool skipped, pool is at sufficient level.
2023-12-07 20:23:14,893 DEBUG [HikariPool-1 connection closer][HikariPool.java:517] - HikariPool-1 - Fill pool skipped, pool is at sufficient level.
2023-12-07 20:23:14,893 DEBUG [HikariPool-1 connection closer][PoolBase.java:134] - HikariPool-1 - Closing connection com.mysql.cj.jdbc.ConnectionImpl@7f1169b4: (connection has passed maxLifetime)
2023-12-07 20:23:14,893 DEBUG [HikariPool-1 connection closer][PoolBase.java:134] - HikariPool-1 - Closing connection com.mysql.cj.jdbc.ConnectionImpl@7f1169b4: (connection has passed maxLifetime)
2023-12-07 20:23:14,893 DEBUG [HikariPool-1 connection closer][HikariPool.java:517] - HikariPool-1 - Fill pool skipped, pool is at sufficient level.
2023-12-07 20:23:14,893 DEBUG [HikariPool-1 connection closer][HikariPool.java:517] - HikariPool-1 - Fill pool skipped, pool is at sufficient level.
2023-12-07 20:23:14,893 DEBUG [HikariPool-1 connection closer][PoolBase.java:134] - HikariPool-1 - Closing connection com.mysql.cj.jdbc.ConnectionImpl@5e039cc0: (connection has passed maxLifetime)
2023-12-07 20:23:14,893 DEBUG [HikariPool-1 connection closer][PoolBase.java:134] - HikariPool-1 - Closing connection com.mysql.cj.jdbc.ConnectionImpl@5e039cc0: (connection has passed maxLifetime)
2023-12-07 20:23:14,894 DEBUG [HikariPool-1 connection closer][HikariPool.java:517] - HikariPool-1 - Fill pool skipped, pool is at sufficient level.
2023-12-07 20:23:14,894 DEBUG [HikariPool-1 connection closer][HikariPool.java:517] - HikariPool-1 - Fill pool skipped, pool is at sufficient level.
2023-12-07 20:23:15,099 DEBUG [HikariPool-1 connection adder][HikariPool.java:728] - HikariPool-1 - Added connection com.mysql.cj.jdbc.ConnectionImpl@52b61b7e
2023-12-07 20:23:15,099 DEBUG [HikariPool-1 connection adder][HikariPool.java:728] - HikariPool-1 - Added connection com.mysql.cj.jdbc.ConnectionImpl@52b61b7e
2023-12-07 20:23:15,241 DEBUG [HikariPool-1 connection adder][HikariPool.java:728] - HikariPool-1 - Added connection com.mysql.cj.jdbc.ConnectionImpl@138b1145
2023-12-07 20:23:15,241 DEBUG [HikariPool-1 connection adder][HikariPool.java:728] - HikariPool-1 - Added connection com.mysql.cj.jdbc.ConnectionImpl@138b1145
2023-12-07 20:23:15,406 DEBUG [HikariPool-1 connection adder][HikariPool.java:728] - HikariPool-1 - Added connection com.mysql.cj.jdbc.ConnectionImpl@225266c4
2023-12-07 20:23:15,406 DEBUG [HikariPool-1 connection adder][HikariPool.java:728] - HikariPool-1 - Added connection com.mysql.cj.jdbc.ConnectionImpl@225266c4
2023-12-07 20:23:15,552 DEBUG [HikariPool-1 connection adder][HikariPool.java:728] - HikariPool-1 - Added connection com.mysql.cj.jdbc.ConnectionImpl@73a4ee0a
2023-12-07 20:23:15,552 DEBUG [HikariPool-1 connection adder][HikariPool.java:728] - HikariPool-1 - Added connection com.mysql.cj.jdbc.ConnectionImpl@73a4ee0a
2023-12-07 20:23:15,638 DEBUG [HikariPool-1 connection adder][HikariPool.java:728] - HikariPool-1 - Added connection com.mysql.cj.jdbc.ConnectionImpl@6dc1fe1c
2023-12-07 20:23:15,638 DEBUG [HikariPool-1 connection adder][HikariPool.java:728] - HikariPool-1 - Added connection com.mysql.cj.jdbc.ConnectionImpl@6dc1fe1c
2023-12-07 20:23:15,733 DEBUG [HikariPool-1 connection adder][HikariPool.java:728] - HikariPool-1 - Added connection com.mysql.cj.jdbc.ConnectionImpl@6fefda6c
2023-12-07 20:23:15,733 DEBUG [HikariPool-1 connection adder][HikariPool.java:728] - HikariPool-1 - Added connection com.mysql.cj.jdbc.ConnectionImpl@6fefda6c
2023-12-07 20:23:15,866 DEBUG [HikariPool-1 connection adder][HikariPool.java:728] - HikariPool-1 - Added connection com.mysql.cj.jdbc.ConnectionImpl@38ce04ff
2023-12-07 20:23:15,866 DEBUG [HikariPool-1 connection adder][HikariPool.java:728] - HikariPool-1 - Added connection com.mysql.cj.jdbc.ConnectionImpl@38ce04ff
2023-12-07 20:23:16,012 DEBUG [HikariPool-1 connection adder][HikariPool.java:728] - HikariPool-1 - Added connection com.mysql.cj.jdbc.ConnectionImpl@43933982
2023-12-07 20:23:16,012 DEBUG [HikariPool-1 connection adder][HikariPool.java:728] - HikariPool-1 - Added connection com.mysql.cj.jdbc.ConnectionImpl@43933982
2023-12-07 20:23:16,164 DEBUG [HikariPool-1 connection adder][HikariPool.java:728] - HikariPool-1 - Added connection com.mysql.cj.jdbc.ConnectionImpl@70a26427
2023-12-07 20:23:16,164 DEBUG [HikariPool-1 connection adder][HikariPool.java:728] - HikariPool-1 - Added connection com.mysql.cj.jdbc.ConnectionImpl@70a26427
2023-12-07 20:23:16,291 DEBUG [HikariPool-1 connection adder][HikariPool.java:728] - HikariPool-1 - Added connection com.mysql.cj.jdbc.ConnectionImpl@d163d44
2023-12-07 20:23:16,291 DEBUG [HikariPool-1 connection adder][HikariPool.java:728] - HikariPool-1 - Added connection com.mysql.cj.jdbc.ConnectionImpl@d163d44
