2024-01-10 11:15:12,825 ERROR [http-nio-63050-exec-1][MediaFileServiceImpl.java:147] - 获取minio块失败
2024-01-10 11:15:13,156 ERROR [http-nio-63050-exec-3][MediaFileServiceImpl.java:147] - 获取minio块失败
2024-01-10 11:15:13,497 ERROR [http-nio-63050-exec-2][MediaFileServiceImpl.java:147] - 获取minio块失败
2024-01-10 11:15:14,094 ERROR [http-nio-63050-exec-7][MediaFileServiceImpl.java:147] - 获取minio块失败
2024-01-10 11:15:14,415 ERROR [http-nio-63050-exec-5][MediaFileServiceImpl.java:147] - 获取minio块失败
2024-01-10 11:15:14,815 ERROR [http-nio-63050-exec-1][MediaFileServiceImpl.java:147] - 获取minio块失败
2024-01-10 11:15:15,169 ERROR [http-nio-63050-exec-3][MediaFileServiceImpl.java:147] - 获取minio块失败
2024-01-10 11:15:15,562 ERROR [http-nio-63050-exec-2][MediaFileServiceImpl.java:147] - 获取minio块失败
2024-01-10 11:15:16,167 ERROR [http-nio-63050-exec-7][MediaFileServiceImpl.java:147] - 获取minio块失败
2024-01-10 11:15:16,504 ERROR [http-nio-63050-exec-5][MediaFileServiceImpl.java:147] - 获取minio块失败
2024-01-10 11:15:16,857 ERROR [http-nio-63050-exec-1][MediaFileServiceImpl.java:147] - 获取minio块失败
2024-01-10 11:15:17,201 ERROR [http-nio-63050-exec-3][MediaFileServiceImpl.java:147] - 获取minio块失败
2024-01-10 11:15:17,804 ERROR [http-nio-63050-exec-2][MediaFileServiceImpl.java:147] - 获取minio块失败
2024-01-10 11:15:18,145 ERROR [http-nio-63050-exec-7][MediaFileServiceImpl.java:147] - 获取minio块失败
2024-01-10 11:15:18,525 ERROR [http-nio-63050-exec-5][MediaFileServiceImpl.java:200] - 合并文件失败，bucket:video,fileMD5:e8c4f567423eb4d8c6425539439ee6fb
2024-01-10 11:15:18,531 ERROR [http-nio-63050-exec-5][MediaFileServiceImpl.java:251] - 下载合并视频失败，bucket:video,mergeFilePath:e/8/e8c4f567423eb4d8c6425539439ee6fb/e8c4f567423eb4d8c6425539439ee6fb.mp4
2024-01-10 11:16:38,657 ERROR [http-nio-63050-exec-1][MediaFileServiceImpl.java:147] - 获取minio块失败
2024-01-10 11:16:39,250 ERROR [http-nio-63050-exec-3][MediaFileServiceImpl.java:147] - 获取minio块失败
2024-01-10 11:16:39,595 ERROR [http-nio-63050-exec-2][MediaFileServiceImpl.java:147] - 获取minio块失败
2024-01-10 11:16:39,918 ERROR [http-nio-63050-exec-7][MediaFileServiceImpl.java:147] - 获取minio块失败
2024-01-10 11:16:40,250 ERROR [http-nio-63050-exec-10][MediaFileServiceImpl.java:147] - 获取minio块失败
2024-01-10 11:16:40,629 ERROR [http-nio-63050-exec-4][MediaFileServiceImpl.java:147] - 获取minio块失败
2024-01-10 11:16:41,233 ERROR [http-nio-63050-exec-8][MediaFileServiceImpl.java:147] - 获取minio块失败
2024-01-10 11:16:41,569 ERROR [http-nio-63050-exec-6][MediaFileServiceImpl.java:147] - 获取minio块失败
2024-01-10 11:16:41,899 ERROR [http-nio-63050-exec-9][MediaFileServiceImpl.java:147] - 获取minio块失败
2024-01-10 11:16:42,265 ERROR [http-nio-63050-exec-1][MediaFileServiceImpl.java:147] - 获取minio块失败
2024-01-10 11:16:42,625 ERROR [http-nio-63050-exec-3][MediaFileServiceImpl.java:147] - 获取minio块失败
2024-01-10 11:16:43,013 ERROR [http-nio-63050-exec-2][MediaFileServiceImpl.java:147] - 获取minio块失败
2024-01-10 11:16:43,611 ERROR [http-nio-63050-exec-7][MediaFileServiceImpl.java:147] - 获取minio块失败
2024-01-10 11:16:43,934 ERROR [http-nio-63050-exec-10][MediaFileServiceImpl.java:147] - 获取minio块失败
2024-01-10 11:16:44,328 ERROR [http-nio-63050-exec-4][MediaFileServiceImpl.java:200] - 合并文件失败，bucket:video,fileMD5:e8c4f567423eb4d8c6425539439ee6fb
2024-01-10 11:16:44,331 ERROR [http-nio-63050-exec-4][MediaFileServiceImpl.java:251] - 下载合并视频失败，bucket:video,mergeFilePath:e/8/e8c4f567423eb4d8c6425539439ee6fb/e8c4f567423eb4d8c6425539439ee6fb.mp4
2024-01-10 11:20:18,642 ERROR [http-nio-63050-exec-5][MediaFileServiceImpl.java:237] - 清除分块文件失败,chunkFileFolderPath:e/8/e8c4f567423eb4d8c6425539439ee6fb/chunk/
java.lang.NullPointerException
	at com.xuecheng.media.service.impl.MediaFileServiceImpl.lambda$clearChunkFiles$4(MediaFileServiceImpl.java:232)
	at java.lang.Iterable.forEach(Iterable.java:75)
	at com.xuecheng.media.service.impl.MediaFileServiceImpl.clearChunkFiles(MediaFileServiceImpl.java:226)
	at com.xuecheng.media.service.impl.MediaFileServiceImpl.mergechunks(MediaFileServiceImpl.java:218)
	at com.xuecheng.media.service.impl.MediaFileServiceImpl$$FastClassBySpringCGLIB$$c5338eb0.invoke(<generated>)
	at org.springframework.cglib.proxy.MethodProxy.invoke(MethodProxy.java:218)
	at org.springframework.aop.framework.CglibAopProxy$DynamicAdvisedInterceptor.intercept(CglibAopProxy.java:687)
	at com.xuecheng.media.service.impl.MediaFileServiceImpl$$EnhancerBySpringCGLIB$$15fb8810.mergechunks(<generated>)
	at com.xuecheng.media.api.BigFilesController.mergechunks(BigFilesController.java:57)
	at sun.reflect.NativeMethodAccessorImpl.invoke0(Native Method)
	at sun.reflect.NativeMethodAccessorImpl.invoke(NativeMethodAccessorImpl.java:62)
	at sun.reflect.DelegatingMethodAccessorImpl.invoke(DelegatingMethodAccessorImpl.java:43)
	at java.lang.reflect.Method.invoke(Method.java:498)
	at org.springframework.web.method.support.InvocableHandlerMethod.doInvoke(InvocableHandlerMethod.java:190)
	at org.springframework.web.method.support.InvocableHandlerMethod.invokeForRequest(InvocableHandlerMethod.java:138)
	at org.springframework.web.servlet.mvc.method.annotation.ServletInvocableHandlerMethod.invokeAndHandle(ServletInvocableHandlerMethod.java:105)
	at org.springframework.web.servlet.mvc.method.annotation.RequestMappingHandlerAdapter.invokeHandlerMethod(RequestMappingHandlerAdapter.java:878)
	at org.springframework.web.servlet.mvc.method.annotation.RequestMappingHandlerAdapter.handleInternal(RequestMappingHandlerAdapter.java:792)
	at org.springframework.web.servlet.mvc.method.AbstractHandlerMethodAdapter.handle(AbstractHandlerMethodAdapter.java:87)
	at org.springframework.web.servlet.DispatcherServlet.doDispatch(DispatcherServlet.java:1040)
	at org.springframework.web.servlet.DispatcherServlet.doService(DispatcherServlet.java:943)
	at org.springframework.web.servlet.FrameworkServlet.processRequest(FrameworkServlet.java:1006)
	at org.springframework.web.servlet.FrameworkServlet.doPost(FrameworkServlet.java:909)
	at javax.servlet.http.HttpServlet.service(HttpServlet.java:652)
	at org.springframework.web.servlet.FrameworkServlet.service(FrameworkServlet.java:883)
	at javax.servlet.http.HttpServlet.service(HttpServlet.java:733)
	at org.apache.catalina.core.ApplicationFilterChain.internalDoFilter(ApplicationFilterChain.java:231)
	at org.apache.catalina.core.ApplicationFilterChain.doFilter(ApplicationFilterChain.java:166)
	at org.apache.tomcat.websocket.server.WsFilter.doFilter(WsFilter.java:53)
	at org.apache.catalina.core.ApplicationFilterChain.internalDoFilter(ApplicationFilterChain.java:193)
	at org.apache.catalina.core.ApplicationFilterChain.doFilter(ApplicationFilterChain.java:166)
	at org.springframework.web.filter.RequestContextFilter.doFilterInternal(RequestContextFilter.java:100)
	at org.springframework.web.filter.OncePerRequestFilter.doFilter(OncePerRequestFilter.java:119)
	at org.apache.catalina.core.ApplicationFilterChain.internalDoFilter(ApplicationFilterChain.java:193)
	at org.apache.catalina.core.ApplicationFilterChain.doFilter(ApplicationFilterChain.java:166)
	at org.springframework.web.filter.FormContentFilter.doFilterInternal(FormContentFilter.java:93)
	at org.springframework.web.filter.OncePerRequestFilter.doFilter(OncePerRequestFilter.java:119)
	at org.apache.catalina.core.ApplicationFilterChain.internalDoFilter(ApplicationFilterChain.java:193)
	at org.apache.catalina.core.ApplicationFilterChain.doFilter(ApplicationFilterChain.java:166)
	at org.springframework.web.filter.CharacterEncodingFilter.doFilterInternal(CharacterEncodingFilter.java:201)
	at org.springframework.web.filter.OncePerRequestFilter.doFilter(OncePerRequestFilter.java:119)
	at org.apache.catalina.core.ApplicationFilterChain.internalDoFilter(ApplicationFilterChain.java:193)
	at org.apache.catalina.core.ApplicationFilterChain.doFilter(ApplicationFilterChain.java:166)
	at org.apache.catalina.core.StandardWrapperValve.invoke(StandardWrapperValve.java:202)
	at org.apache.catalina.core.StandardContextValve.invoke(StandardContextValve.java:97)
	at org.apache.catalina.authenticator.AuthenticatorBase.invoke(AuthenticatorBase.java:542)
	at org.apache.catalina.core.StandardHostValve.invoke(StandardHostValve.java:143)
	at org.apache.catalina.valves.ErrorReportValve.invoke(ErrorReportValve.java:92)
	at org.apache.catalina.core.StandardEngineValve.invoke(StandardEngineValve.java:78)
	at org.apache.catalina.connector.CoyoteAdapter.service(CoyoteAdapter.java:343)
	at org.apache.coyote.http11.Http11Processor.service(Http11Processor.java:374)
	at org.apache.coyote.AbstractProcessorLight.process(AbstractProcessorLight.java:65)
	at org.apache.coyote.AbstractProtocol$ConnectionHandler.process(AbstractProtocol.java:888)
	at org.apache.tomcat.util.net.NioEndpoint$SocketProcessor.doRun(NioEndpoint.java:1597)
	at org.apache.tomcat.util.net.SocketProcessorBase.run(SocketProcessorBase.java:49)
	at java.util.concurrent.ThreadPoolExecutor.runWorker(ThreadPoolExecutor.java:1149)
	at java.util.concurrent.ThreadPoolExecutor$Worker.run(ThreadPoolExecutor.java:624)
	at org.apache.tomcat.util.threads.TaskThread$WrappingRunnable.run(TaskThread.java:61)
	at java.lang.Thread.run(Thread.java:748)
2024-01-10 11:21:08,095 ERROR [http-nio-63050-exec-3][MediaFileServiceImpl.java:130] - 获取minio文件失败
2024-01-10 11:21:08,344 ERROR [http-nio-63050-exec-8][MediaFileServiceImpl.java:147] - 获取minio块失败
2024-01-10 11:21:08,683 ERROR [http-nio-63050-exec-6][MediaFileServiceImpl.java:147] - 获取minio块失败
2024-01-10 11:21:09,027 ERROR [http-nio-63050-exec-9][MediaFileServiceImpl.java:147] - 获取minio块失败
2024-01-10 11:21:09,371 ERROR [http-nio-63050-exec-1][MediaFileServiceImpl.java:200] - 合并文件失败，bucket:video,fileMD5:9babf7a8379d6c0e79bf9456ffbc4a96
2024-01-10 11:21:44,371 ERROR [http-nio-63050-exec-4][MediaFileServiceImpl.java:237] - 清除分块文件失败,chunkFileFolderPath:e/8/e8c4f567423eb4d8c6425539439ee6fb/chunk/
java.lang.NullPointerException
	at com.xuecheng.media.service.impl.MediaFileServiceImpl.lambda$clearChunkFiles$4(MediaFileServiceImpl.java:232)
	at java.lang.Iterable.forEach(Iterable.java:75)
	at com.xuecheng.media.service.impl.MediaFileServiceImpl.clearChunkFiles(MediaFileServiceImpl.java:226)
	at com.xuecheng.media.service.impl.MediaFileServiceImpl.mergechunks(MediaFileServiceImpl.java:218)
	at com.xuecheng.media.service.impl.MediaFileServiceImpl$$FastClassBySpringCGLIB$$c5338eb0.invoke(<generated>)
	at org.springframework.cglib.proxy.MethodProxy.invoke(MethodProxy.java:218)
	at org.springframework.aop.framework.CglibAopProxy$DynamicAdvisedInterceptor.intercept(CglibAopProxy.java:687)
	at com.xuecheng.media.service.impl.MediaFileServiceImpl$$EnhancerBySpringCGLIB$$15fb8810.mergechunks(<generated>)
	at com.xuecheng.media.api.BigFilesController.mergechunks(BigFilesController.java:57)
	at sun.reflect.NativeMethodAccessorImpl.invoke0(Native Method)
	at sun.reflect.NativeMethodAccessorImpl.invoke(NativeMethodAccessorImpl.java:62)
	at sun.reflect.DelegatingMethodAccessorImpl.invoke(DelegatingMethodAccessorImpl.java:43)
	at java.lang.reflect.Method.invoke(Method.java:498)
	at org.springframework.web.method.support.InvocableHandlerMethod.doInvoke(InvocableHandlerMethod.java:190)
	at org.springframework.web.method.support.InvocableHandlerMethod.invokeForRequest(InvocableHandlerMethod.java:138)
	at org.springframework.web.servlet.mvc.method.annotation.ServletInvocableHandlerMethod.invokeAndHandle(ServletInvocableHandlerMethod.java:105)
	at org.springframework.web.servlet.mvc.method.annotation.RequestMappingHandlerAdapter.invokeHandlerMethod(RequestMappingHandlerAdapter.java:878)
	at org.springframework.web.servlet.mvc.method.annotation.RequestMappingHandlerAdapter.handleInternal(RequestMappingHandlerAdapter.java:792)
	at org.springframework.web.servlet.mvc.method.AbstractHandlerMethodAdapter.handle(AbstractHandlerMethodAdapter.java:87)
	at org.springframework.web.servlet.DispatcherServlet.doDispatch(DispatcherServlet.java:1040)
	at org.springframework.web.servlet.DispatcherServlet.doService(DispatcherServlet.java:943)
	at org.springframework.web.servlet.FrameworkServlet.processRequest(FrameworkServlet.java:1006)
	at org.springframework.web.servlet.FrameworkServlet.doPost(FrameworkServlet.java:909)
	at javax.servlet.http.HttpServlet.service(HttpServlet.java:652)
	at org.springframework.web.servlet.FrameworkServlet.service(FrameworkServlet.java:883)
	at javax.servlet.http.HttpServlet.service(HttpServlet.java:733)
	at org.apache.catalina.core.ApplicationFilterChain.internalDoFilter(ApplicationFilterChain.java:231)
	at org.apache.catalina.core.ApplicationFilterChain.doFilter(ApplicationFilterChain.java:166)
	at org.apache.tomcat.websocket.server.WsFilter.doFilter(WsFilter.java:53)
	at org.apache.catalina.core.ApplicationFilterChain.internalDoFilter(ApplicationFilterChain.java:193)
	at org.apache.catalina.core.ApplicationFilterChain.doFilter(ApplicationFilterChain.java:166)
	at org.springframework.web.filter.RequestContextFilter.doFilterInternal(RequestContextFilter.java:100)
	at org.springframework.web.filter.OncePerRequestFilter.doFilter(OncePerRequestFilter.java:119)
	at org.apache.catalina.core.ApplicationFilterChain.internalDoFilter(ApplicationFilterChain.java:193)
	at org.apache.catalina.core.ApplicationFilterChain.doFilter(ApplicationFilterChain.java:166)
	at org.springframework.web.filter.FormContentFilter.doFilterInternal(FormContentFilter.java:93)
	at org.springframework.web.filter.OncePerRequestFilter.doFilter(OncePerRequestFilter.java:119)
	at org.apache.catalina.core.ApplicationFilterChain.internalDoFilter(ApplicationFilterChain.java:193)
	at org.apache.catalina.core.ApplicationFilterChain.doFilter(ApplicationFilterChain.java:166)
	at org.springframework.web.filter.CharacterEncodingFilter.doFilterInternal(CharacterEncodingFilter.java:201)
	at org.springframework.web.filter.OncePerRequestFilter.doFilter(OncePerRequestFilter.java:119)
	at org.apache.catalina.core.ApplicationFilterChain.internalDoFilter(ApplicationFilterChain.java:193)
	at org.apache.catalina.core.ApplicationFilterChain.doFilter(ApplicationFilterChain.java:166)
	at org.apache.catalina.core.StandardWrapperValve.invoke(StandardWrapperValve.java:202)
	at org.apache.catalina.core.StandardContextValve.invoke(StandardContextValve.java:97)
	at org.apache.catalina.authenticator.AuthenticatorBase.invoke(AuthenticatorBase.java:542)
	at org.apache.catalina.core.StandardHostValve.invoke(StandardHostValve.java:143)
	at org.apache.catalina.valves.ErrorReportValve.invoke(ErrorReportValve.java:92)
	at org.apache.catalina.core.StandardEngineValve.invoke(StandardEngineValve.java:78)
	at org.apache.catalina.connector.CoyoteAdapter.service(CoyoteAdapter.java:343)
	at org.apache.coyote.http11.Http11Processor.service(Http11Processor.java:374)
	at org.apache.coyote.AbstractProcessorLight.process(AbstractProcessorLight.java:65)
	at org.apache.coyote.AbstractProtocol$ConnectionHandler.process(AbstractProtocol.java:888)
	at org.apache.tomcat.util.net.NioEndpoint$SocketProcessor.doRun(NioEndpoint.java:1597)
	at org.apache.tomcat.util.net.SocketProcessorBase.run(SocketProcessorBase.java:49)
	at java.util.concurrent.ThreadPoolExecutor.runWorker(ThreadPoolExecutor.java:1149)
	at java.util.concurrent.ThreadPoolExecutor$Worker.run(ThreadPoolExecutor.java:624)
	at org.apache.tomcat.util.threads.TaskThread$WrappingRunnable.run(TaskThread.java:61)
	at java.lang.Thread.run(Thread.java:748)
2024-01-10 11:23:19,218 ERROR [http-nio-63050-exec-2][MediaFileServiceImpl.java:130] - 获取minio文件失败
2024-01-10 11:24:16,124 ERROR [http-nio-63050-exec-10][MediaFileServiceImpl.java:130] - 获取minio文件失败
2024-01-10 11:24:35,441 ERROR [http-nio-63050-exec-4][MediaFileServiceImpl.java:130] - 获取minio文件失败
2024-01-10 11:26:38,701 ERROR [http-nio-63050-exec-3][MediaFileServiceImpl.java:130] - 获取minio文件失败
